<?xml version="1.0" encoding="UTF-8"?>
<testsuite xmlns:xsi="http://www.w3.org/2001/XMLSchema-instance" xsi:noNamespaceSchemaLocation="https://maven.apache.org/surefire/maven-surefire-plugin/xsd/surefire-test-report-3.0.xsd" version="3.0" name="com.internship.tool.controller.AuthControllerTest" time="26.357" tests="2" errors="0" skipped="0" failures="0">
  <properties>
[...]
</properties>
  <testcase name="shouldReturnJwtToken" classname="com.internship.tool.controller.AuthControllerTest" time="2.033">
    <system-out><![CDATA[01:40:01.403 [main] INFO org.springframework.test.context.support.AnnotationConfigContextLoaderUtils -- Could not detect default configuration classes for test class [com.internship.tool.controller.AuthControllerTest]: AuthControllerTest does not declare any static, non-private, non-final, nested classes annotated with @Configuration.
01:40:01.879 [main] INFO org.springframework.boot.test.context.SpringBootTestContextBootstrapper -- Found @SpringBootConfiguration com.internship.tool.PolicyLifecycleManagerApplication for test class com.internship.tool.controller.AuthControllerTest

  .   ____          _            __ _ _
 /\\ / ___'_ __ _ _(_)_ __  __ _ \ \ \ \
( ( )\___ | '_ | '_| | '_ \/ _` | \ \ \ \
 \\/  ___)| |_)| | | | | || (_| |  ) ) ) )
  '  |____| .__|_| |_|_| |_\__, | / / / /
 =========|_|==============|___/=/_/_/_/
 :: Spring Boot ::                (v3.2.5)

2026-05-12T01:40:03.363+05:30  INFO 13476 --- [           main] c.i.tool.controller.AuthControllerTest   : Starting AuthControllerTest using Java 17.0.19 with PID 13476 (started by user in C:\Users\user\policy-lifecycle-manager\backend)
2026-05-12T01:40:03.367+05:30  INFO 13476 --- [           main] c.i.tool.controller.AuthControllerTest   : No active profile set, falling back to 1 default profile: "default"
2026-05-12T01:40:06.565+05:30  INFO 13476 --- [           main] .s.d.r.c.RepositoryConfigurationDelegate : Multiple Spring Data modules found, entering strict repository configuration mode
2026-05-12T01:40:06.570+05:30  INFO 13476 --- [           main] .s.d.r.c.RepositoryConfigurationDelegate : Bootstrapping Spring Data JPA repositories in DEFAULT mode.
2026-05-12T01:40:07.149+05:30  INFO 13476 --- [           main] .s.d.r.c.RepositoryConfigurationDelegate : Finished Spring Data repository scanning in 555 ms. Found 2 JPA repository interfaces.
2026-05-12T01:40:07.276+05:30  INFO 13476 --- [           main] .s.d.r.c.RepositoryConfigurationDelegate : Multiple Spring Data modules found, entering strict repository configuration mode
2026-05-12T01:40:07.280+05:30  INFO 13476 --- [           main] .s.d.r.c.RepositoryConfigurationDelegate : Bootstrapping Spring Data Redis repositories in DEFAULT mode.
2026-05-12T01:40:07.345+05:30  INFO 13476 --- [           main] .RepositoryConfigurationExtensionSupport : Spring Data Redis - Could not safely identify store assignment for repository candidate interface com.internship.tool.repository.FileMetadataRepository; If you want this repository to be a Redis repository, consider annotating your entities with one of these annotations: org.springframework.data.redis.core.RedisHash (preferred), or consider extending one of the following types with your repository: org.springframework.data.keyvalue.repository.KeyValueRepository
2026-05-12T01:40:07.348+05:30  INFO 13476 --- [           main] .RepositoryConfigurationExtensionSupport : Spring Data Redis - Could not safely identify store assignment for repository candidate interface com.internship.tool.repository.PolicyRepository; If you want this repository to be a Redis repository, consider annotating your entities with one of these annotations: org.springframework.data.redis.core.RedisHash (preferred), or consider extending one of the following types with your repository: org.springframework.data.keyvalue.repository.KeyValueRepository
2026-05-12T01:40:07.348+05:30  INFO 13476 --- [           main] .s.d.r.c.RepositoryConfigurationDelegate : Finished Spring Data repository scanning in 38 ms. Found 0 Redis repository interfaces.
2026-05-12T01:40:10.380+05:30  INFO 13476 --- [           main] o.hibernate.jpa.internal.util.LogHelper  : HHH000204: Processing PersistenceUnitInfo [name: default]
2026-05-12T01:40:10.675+05:30  INFO 13476 --- [           main] org.hibernate.Version                    : HHH000412: Hibernate ORM core version 6.4.4.Final
2026-05-12T01:40:10.789+05:30  INFO 13476 --- [           main] o.h.c.internal.RegionFactoryInitiator    : HHH000026: Second-level cache disabled
2026-05-12T01:40:11.897+05:30  INFO 13476 --- [           main] o.s.o.j.p.SpringPersistenceUnitInfo      : No LoadTimeWeaver setup: ignoring JPA class transformer
2026-05-12T01:40:12.016+05:30  INFO 13476 --- [           main] com.zaxxer.hikari.HikariDataSource       : HikariPool-1 - Starting...
2026-05-12T01:40:12.613+05:30  INFO 13476 --- [           main] com.zaxxer.hikari.pool.HikariPool        : HikariPool-1 - Added connection conn0: url=jdbc:h2:mem:testdb user=SA
2026-05-12T01:40:12.617+05:30  INFO 13476 --- [           main] com.zaxxer.hikari.HikariDataSource       : HikariPool-1 - Start completed.
2026-05-12T01:40:15.481+05:30  INFO 13476 --- [           main] o.h.e.t.j.p.i.JtaPlatformInitiator       : HHH000489: No JTA platform available (set 'hibernate.transaction.jta.platform' to enable JTA platform integration)
Hibernate: create table file_metadata (id bigint generated by default as identity, file_name varchar(255) not null, file_path varchar(255) not null, file_size bigint not null, file_type varchar(255) not null, uploaded_at timestamp(6) not null, primary key (id))
Hibernate: create table policies (id bigint generated by default as identity, created_at timestamp(6) not null, end_date date not null, policy_name varchar(255) not null, policy_number varchar(100) not null, policy_type varchar(50) not null, premium_amount numeric(10,2) not null, start_date date not null, status varchar(255) not null check (status in ('ACTIVE','EXPIRED','CANCELLED','PENDING')), updated_at timestamp(6), primary key (id))
Hibernate: alter table if exists policies drop constraint if exists UK_oa74bk3bbln2o1hgik4b93rp9
Hibernate: alter table if exists policies add constraint UK_oa74bk3bbln2o1hgik4b93rp9 unique (policy_number)
2026-05-12T01:40:15.612+05:30  INFO 13476 --- [           main] j.LocalContainerEntityManagerFactoryBean : Initialized JPA EntityManagerFactory for persistence unit 'default'
2026-05-12T01:40:17.849+05:30  WARN 13476 --- [           main] JpaBaseConfiguration$JpaWebConfiguration : spring.jpa.open-in-view is enabled by default. Therefore, database queries may be performed during view rendering. Explicitly configure spring.jpa.open-in-view to disable this warning
2026-05-12T01:40:17.965+05:30  WARN 13476 --- [           main] .s.s.UserDetailsServiceAutoConfiguration : 

Using generated security password: d005701b-6e33-433c-a5e6-6f433a118188

This generated password is for development use only. Your security configuration must be updated before running your application in production.

2026-05-12T01:40:19.350+05:30  INFO 13476 --- [           main] o.s.s.web.DefaultSecurityFilterChain     : Will secure any request with [org.springframework.security.web.session.DisableEncodeUrlFilter@6860c000, org.springframework.security.web.context.request.async.WebAsyncManagerIntegrationFilter@3f4fd0dc, org.springframework.security.web.context.SecurityContextHolderFilter@4ce5013a, org.springframework.security.web.header.HeaderWriterFilter@1a4340f2, org.springframework.web.filter.CorsFilter@3723de42, org.springframework.security.web.authentication.logout.LogoutFilter@4eb43d2f, com.internship.tool.config.JwtAuthFilter@2c1b10f2, org.springframework.security.web.savedrequest.RequestCacheAwareFilter@2b01be54, org.springframework.security.web.servletapi.SecurityContextHolderAwareRequestFilter@14997cb9, org.springframework.security.web.authentication.AnonymousAuthenticationFilter@293988dc, org.springframework.security.web.access.ExceptionTranslationFilter@74832504, org.springframework.security.web.access.intercept.AuthorizationFilter@5911dd25]
2026-05-12T01:40:22.680+05:30  INFO 13476 --- [           main] o.s.b.a.h2.H2ConsoleAutoConfiguration    : H2 console available at '/h2-console'. Database available at 'jdbc:h2:mem:testdb'
2026-05-12T01:40:22.968+05:30  INFO 13476 --- [           main] o.s.b.t.m.w.SpringBootMockServletContext : Initializing Spring TestDispatcherServlet ''
2026-05-12T01:40:22.970+05:30  INFO 13476 --- [           main] o.s.t.web.servlet.TestDispatcherServlet  : Initializing Servlet ''
2026-05-12T01:40:22.975+05:30  INFO 13476 --- [           main] o.s.t.web.servlet.TestDispatcherServlet  : Completed initialization in 3 ms
2026-05-12T01:40:23.078+05:30  INFO 13476 --- [           main] c.i.tool.controller.AuthControllerTest   : Started AuthControllerTest in 20.623 seconds (process running for 23.753)
Hibernate: select count(*) from policies p1_0
Hibernate: insert into policies (created_at,end_date,policy_name,policy_number,policy_type,premium_amount,start_date,status,updated_at,id) values (?,?,?,?,?,?,?,?,?,default)
Hibernate: insert into policies (created_at,end_date,policy_name,policy_number,policy_type,premium_amount,start_date,status,updated_at,id) values (?,?,?,?,?,?,?,?,?,default)
Hibernate: insert into policies (created_at,end_date,policy_name,policy_number,policy_type,premium_amount,start_date,status,updated_at,id) values (?,?,?,?,?,?,?,?,?,default)
Hibernate: insert into policies (created_at,end_date,policy_name,policy_number,policy_type,premium_amount,start_date,status,updated_at,id) values (?,?,?,?,?,?,?,?,?,default)
Hibernate: insert into policies (created_at,end_date,policy_name,policy_number,policy_type,premium_amount,start_date,status,updated_at,id) values (?,?,?,?,?,?,?,?,?,default)
Hibernate: insert into policies (created_at,end_date,policy_name,policy_number,policy_type,premium_amount,start_date,status,updated_at,id) values (?,?,?,?,?,?,?,?,?,default)
Hibernate: insert into policies (created_at,end_date,policy_name,policy_number,policy_type,premium_amount,start_date,status,updated_at,id) values (?,?,?,?,?,?,?,?,?,default)
Hibernate: insert into policies (created_at,end_date,policy_name,policy_number,policy_type,premium_amount,start_date,status,updated_at,id) values (?,?,?,?,?,?,?,?,?,default)
Hibernate: insert into policies (created_at,end_date,policy_name,policy_number,policy_type,premium_amount,start_date,status,updated_at,id) values (?,?,?,?,?,?,?,?,?,default)
Hibernate: insert into policies (created_at,end_date,policy_name,policy_number,policy_type,premium_amount,start_date,status,updated_at,id) values (?,?,?,?,?,?,?,?,?,default)
Hibernate: insert into policies (created_at,end_date,policy_name,policy_number,policy_type,premium_amount,start_date,status,updated_at,id) values (?,?,?,?,?,?,?,?,?,default)
Hibernate: insert into policies (created_at,end_date,policy_name,policy_number,policy_type,premium_amount,start_date,status,updated_at,id) values (?,?,?,?,?,?,?,?,?,default)
Hibernate: insert into policies (created_at,end_date,policy_name,policy_number,policy_type,premium_amount,start_date,status,updated_at,id) values (?,?,?,?,?,?,?,?,?,default)
Hibernate: insert into policies (created_at,end_date,policy_name,policy_number,policy_type,premium_amount,start_date,status,updated_at,id) values (?,?,?,?,?,?,?,?,?,default)
Hibernate: insert into policies (created_at,end_date,policy_name,policy_number,policy_type,premium_amount,start_date,status,updated_at,id) values (?,?,?,?,?,?,?,?,?,default)
Hibernate: insert into policies (created_at,end_date,policy_name,policy_number,policy_type,premium_amount,start_date,status,updated_at,id) values (?,?,?,?,?,?,?,?,?,default)
Hibernate: insert into policies (created_at,end_date,policy_name,policy_number,policy_type,premium_amount,start_date,status,updated_at,id) values (?,?,?,?,?,?,?,?,?,default)
Hibernate: insert into policies (created_at,end_date,policy_name,policy_number,policy_type,premium_amount,start_date,status,updated_at,id) values (?,?,?,?,?,?,?,?,?,default)
Hibernate: insert into policies (created_at,end_date,policy_name,policy_number,policy_type,premium_amount,start_date,status,updated_at,id) values (?,?,?,?,?,?,?,?,?,default)
Hibernate: insert into policies (created_at,end_date,policy_name,policy_number,policy_type,premium_amount,start_date,status,updated_at,id) values (?,?,?,?,?,?,?,?,?,default)
Hibernate: insert into policies (created_at,end_date,policy_name,policy_number,policy_type,premium_amount,start_date,status,updated_at,id) values (?,?,?,?,?,?,?,?,?,default)
Hibernate: insert into policies (created_at,end_date,policy_name,policy_number,policy_type,premium_amount,start_date,status,updated_at,id) values (?,?,?,?,?,?,?,?,?,default)
Hibernate: insert into policies (created_at,end_date,policy_name,policy_number,policy_type,premium_amount,start_date,status,updated_at,id) values (?,?,?,?,?,?,?,?,?,default)
Hibernate: insert into policies (created_at,end_date,policy_name,policy_number,policy_type,premium_amount,start_date,status,updated_at,id) values (?,?,?,?,?,?,?,?,?,default)
Hibernate: insert into policies (created_at,end_date,policy_name,policy_number,policy_type,premium_amount,start_date,status,updated_at,id) values (?,?,?,?,?,?,?,?,?,default)
Hibernate: insert into policies (created_at,end_date,policy_name,policy_number,policy_type,premium_amount,start_date,status,updated_at,id) values (?,?,?,?,?,?,?,?,?,default)
Hibernate: insert into policies (created_at,end_date,policy_name,policy_number,policy_type,premium_amount,start_date,status,updated_at,id) values (?,?,?,?,?,?,?,?,?,default)
Hibernate: insert into policies (created_at,end_date,policy_name,policy_number,policy_type,premium_amount,start_date,status,updated_at,id) values (?,?,?,?,?,?,?,?,?,default)
Hibernate: insert into policies (created_at,end_date,policy_name,policy_number,policy_type,premium_amount,start_date,status,updated_at,id) values (?,?,?,?,?,?,?,?,?,default)
Hibernate: insert into policies (created_at,end_date,policy_name,policy_number,policy_type,premium_amount,start_date,status,updated_at,id) values (?,?,?,?,?,?,?,?,?,default)
✅ Demo policies seeded successfully! Total: 30
]]></system-out>
  </testcase>
  <testcase name="shouldReturnUnauthorizedForProtectedEndpointWithoutToken" classname="com.internship.tool.controller.AuthControllerTest" time="0.081"/>
</testsuite>