<?xml version="1.0" encoding="UTF-8"?>
<testsuite xmlns:xsi="http://www.w3.org/2001/XMLSchema-instance" xsi:noNamespaceSchemaLocation="https://maven.apache.org/surefire/maven-surefire-plugin/xsd/surefire-test-report-3.0.xsd" version="3.0" name="com.internship.tool.repository.PolicyRepositoryTest" time="5.208" tests="6" errors="0" skipped="0" failures="0">
  <properties>
[...]
</properties>
  <testcase name="shouldCheckPolicyExists" classname="com.internship.tool.repository.PolicyRepositoryTest" time="0.758">
    <system-out><![CDATA[2026-05-13T10:16:27.004+05:30  INFO 2044 --- [           main] t.c.s.AnnotationConfigContextLoaderUtils : Could not detect default configuration classes for test class [com.internship.tool.repository.PolicyRepositoryTest]: PolicyRepositoryTest does not declare any static, non-private, non-final, nested classes annotated with @Configuration.
2026-05-13T10:16:27.744+05:30  INFO 2044 --- [           main] .b.t.c.SpringBootTestContextBootstrapper : Found @SpringBootConfiguration com.internship.tool.PolicyLifecycleManagerApplication for test class com.internship.tool.repository.PolicyRepositoryTest

  .   ____          _            __ _ _
 /\\ / ___'_ __ _ _(_)_ __  __ _ \ \ \ \
( ( )\___ | '_ | '_| | '_ \/ _` | \ \ \ \
 \\/  ___)| |_)| | | | | || (_| |  ) ) ) )
  '  |____| .__|_| |_|_| |_\__, | / / / /
 =========|_|==============|___/=/_/_/_/
 :: Spring Boot ::                (v3.2.5)

2026-05-13T10:16:28.016+05:30  INFO 2044 --- [           main] c.i.t.repository.PolicyRepositoryTest    : Starting PolicyRepositoryTest using Java 17.0.19 with PID 2044 (started by user in C:\Users\user\policy-lifecycle-manager\backend)
2026-05-13T10:16:28.018+05:30  INFO 2044 --- [           main] c.i.t.repository.PolicyRepositoryTest    : No active profile set, falling back to 1 default profile: "default"
2026-05-13T10:16:28.718+05:30  INFO 2044 --- [           main] .s.d.r.c.RepositoryConfigurationDelegate : Multiple Spring Data modules found, entering strict repository configuration mode
2026-05-13T10:16:28.718+05:30  INFO 2044 --- [           main] .s.d.r.c.RepositoryConfigurationDelegate : Bootstrapping Spring Data JPA repositories in DEFAULT mode.
2026-05-13T10:16:28.785+05:30  INFO 2044 --- [           main] .s.d.r.c.RepositoryConfigurationDelegate : Finished Spring Data repository scanning in 66 ms. Found 2 JPA repository interfaces.
2026-05-13T10:16:28.861+05:30  INFO 2044 --- [           main] beddedDataSourceBeanFactoryPostProcessor : Replacing 'dataSource' DataSource bean with embedded version
2026-05-13T10:16:29.044+05:30  INFO 2044 --- [           main] o.s.j.d.e.EmbeddedDatabaseFactory        : Starting embedded database: url='jdbc:h2:mem:87ac3c65-263f-4588-aa57-11f8db26dabf;DB_CLOSE_DELAY=-1;DB_CLOSE_ON_EXIT=false', username='sa'
2026-05-13T10:16:29.229+05:30  INFO 2044 --- [           main] o.hibernate.jpa.internal.util.LogHelper  : HHH000204: Processing PersistenceUnitInfo [name: default]
2026-05-13T10:16:29.250+05:30  INFO 2044 --- [           main] o.h.c.internal.RegionFactoryInitiator    : HHH000026: Second-level cache disabled
2026-05-13T10:16:29.306+05:30  INFO 2044 --- [           main] o.s.o.j.p.SpringPersistenceUnitInfo      : No LoadTimeWeaver setup: ignoring JPA class transformer
2026-05-13T10:16:29.855+05:30  INFO 2044 --- [           main] o.h.e.t.j.p.i.JtaPlatformInitiator       : HHH000489: No JTA platform available (set 'hibernate.transaction.jta.platform' to enable JTA platform integration)
Hibernate: drop table if exists file_metadata cascade 
Hibernate: drop table if exists policies cascade 
Hibernate: create table file_metadata (file_size bigint not null, id bigint generated by default as identity, uploaded_at timestamp(6) not null, file_name varchar(255) not null, file_path varchar(255) not null, file_type varchar(255) not null, primary key (id))
Hibernate: create table policies (end_date date not null, premium_amount numeric(10,2) not null, start_date date not null, created_at timestamp(6) not null, id bigint generated by default as identity, updated_at timestamp(6), policy_type varchar(50) not null, policy_number varchar(100) not null unique, policy_name varchar(255) not null, status varchar(255) not null check (status in ('ACTIVE','EXPIRED','CANCELLED','PENDING')), primary key (id))
2026-05-13T10:16:29.879+05:30  INFO 2044 --- [           main] j.LocalContainerEntityManagerFactoryBean : Initialized JPA EntityManagerFactory for persistence unit 'default'
2026-05-13T10:16:30.547+05:30  INFO 2044 --- [           main] c.i.t.repository.PolicyRepositoryTest    : Started PolicyRepositoryTest in 2.752 seconds (process running for 95.16)
Hibernate: insert into policies (created_at,end_date,policy_name,policy_number,policy_type,premium_amount,start_date,status,updated_at,id) values (?,?,?,?,?,?,?,?,?,default)
Hibernate: select count(*) from policies p1_0 where p1_0.id=?
]]></system-out>
  </testcase>
  <testcase name="shouldSavePolicySuccessfully" classname="com.internship.tool.repository.PolicyRepositoryTest" time="0.053">
    <system-out><![CDATA[Hibernate: insert into policies (created_at,end_date,policy_name,policy_number,policy_type,premium_amount,start_date,status,updated_at,id) values (?,?,?,?,?,?,?,?,?,default)
]]></system-out>
  </testcase>
  <testcase name="shouldPopulateAuditTimestamps" classname="com.internship.tool.repository.PolicyRepositoryTest" time="0.113">
    <system-out><![CDATA[Hibernate: insert into policies (created_at,end_date,policy_name,policy_number,policy_type,premium_amount,start_date,status,updated_at,id) values (?,?,?,?,?,?,?,?,?,default)
]]></system-out>
  </testcase>
  <testcase name="shouldReturnAllPolicies" classname="com.internship.tool.repository.PolicyRepositoryTest" time="0.277">
    <system-out><![CDATA[Hibernate: insert into policies (created_at,end_date,policy_name,policy_number,policy_type,premium_amount,start_date,status,updated_at,id) values (?,?,?,?,?,?,?,?,?,default)
Hibernate: insert into policies (created_at,end_date,policy_name,policy_number,policy_type,premium_amount,start_date,status,updated_at,id) values (?,?,?,?,?,?,?,?,?,default)
Hibernate: select p1_0.id,p1_0.created_at,p1_0.end_date,p1_0.policy_name,p1_0.policy_number,p1_0.policy_type,p1_0.premium_amount,p1_0.start_date,p1_0.status,p1_0.updated_at from policies p1_0
]]></system-out>
  </testcase>
  <testcase name="shouldFindPolicyById" classname="com.internship.tool.repository.PolicyRepositoryTest" time="0.181">
    <system-out><![CDATA[Hibernate: insert into policies (created_at,end_date,policy_name,policy_number,policy_type,premium_amount,start_date,status,updated_at,id) values (?,?,?,?,?,?,?,?,?,default)
]]></system-out>
  </testcase>
  <testcase name="shouldDeletePolicy" classname="com.internship.tool.repository.PolicyRepositoryTest" time="0.135">
    <system-out><![CDATA[Hibernate: insert into policies (created_at,end_date,policy_name,policy_number,policy_type,premium_amount,start_date,status,updated_at,id) values (?,?,?,?,?,?,?,?,?,default)
Hibernate: delete from policies where id=?
Hibernate: select count(*) from policies p1_0 where p1_0.id=?
]]></system-out>
  </testcase>
</testsuite>